\BOOKMARK [1][-]{section.1}{The Real Number System}{}% 1
\BOOKMARK [2][-]{subsection.1.1}{Introduction}{section.1}% 2
\BOOKMARK [2][-]{subsection.1.2}{Ordered Field Axioms}{section.1}% 3
\BOOKMARK [2][-]{subsection.1.3}{Completeness Axiom}{section.1}% 4
\BOOKMARK [2][-]{subsection.1.4}{Mathematical Induction}{section.1}% 5
\BOOKMARK [2][-]{subsection.1.5}{Inverse Functions and Images}{section.1}% 6
\BOOKMARK [2][-]{subsection.1.6}{Countable and Uncountable Sets}{section.1}% 7
\BOOKMARK [1][-]{section.2}{Sequences in R}{}% 8
\BOOKMARK [2][-]{subsection.2.1}{Limits of Sequences}{section.2}% 9
\BOOKMARK [2][-]{subsection.2.2}{Limit Theorems}{section.2}% 10
\BOOKMARK [2][-]{subsection.2.3}{Bolzano-Weierstrass Theorem}{section.2}% 11
\BOOKMARK [2][-]{subsection.2.4}{Cauchy Sequences}{section.2}% 12
\BOOKMARK [2][-]{subsection.2.5}{Limits Supremum and Infimum}{section.2}% 13
\BOOKMARK [1][-]{section.3}{Functions on R}{}% 14
\BOOKMARK [2][-]{subsection.3.1}{Two-Sided Limits}{section.3}% 15
\BOOKMARK [2][-]{subsection.3.2}{One-Sided Limits and Limits at Infinity}{section.3}% 16
\BOOKMARK [2][-]{subsection.3.3}{Continuity}{section.3}% 17
\BOOKMARK [2][-]{subsection.3.4}{Uniform Continuity}{section.3}% 18
\BOOKMARK [1][-]{section.4}{Differentiability on R}{}% 19
\BOOKMARK [2][-]{subsection.4.1}{The Derivative}{section.4}% 20
\BOOKMARK [2][-]{subsection.4.2}{Differentiability Theorems}{section.4}% 21
\BOOKMARK [2][-]{subsection.4.3}{Mean Value Theorem}{section.4}% 22
\BOOKMARK [2][-]{subsection.4.4}{Taylor's Theorem and L'Hopital's Rule}{section.4}% 23
\BOOKMARK [2][-]{subsection.4.5}{Inverse Function Theorems}{section.4}% 24
